0 info it worked if it ends with ok
1 verbose cli [ 'C:\\Program Files\\nodejs\\node.exe',
1 verbose cli   'C:\\Program Files\\nodejs\\node_modules\\npm\\bin\\npm-cli.js',
1 verbose cli   'run',
1 verbose cli   'lint' ]
2 info using npm@3.10.10
3 info using node@v6.10.3
4 verbose run-script [ 'prelint', 'lint', 'postlint' ]
5 info lifecycle 12.3@1.0.0~prelint: 12.3@1.0.0
6 silly lifecycle 12.3@1.0.0~prelint: no script for prelint, continuing
7 info lifecycle 12.3@1.0.0~lint: 12.3@1.0.0
8 verbose lifecycle 12.3@1.0.0~lint: unsafe-perm in lifecycle true
9 verbose lifecycle 12.3@1.0.0~lint: PATH: C:\Users\yangtao\AppData\Roaming\nvm\v6.10.3\node_modules\npm\bin\node-gyp-bin;C:\Users\yangtao\Documents\weeklyreport\12.3\node_modules\.bin;C:\Users\yangtao\bin;C:\Program Files\Git\mingw64\bin;C:\Program Files\Git\usr\local\bin;C:\Program Files\Git\usr\bin;C:\Program Files\Git\usr\bin;C:\Program Files\Git\mingw64\bin;C:\Program Files\Git\usr\bin;C:\Users\yangtao\bin;C:\Windows\system32;C:\Windows;C:\Windows\System32\Wbem;C:\Windows\System32\WindowsPowerShell\v1.0;C:\Users\yangtao\AppData\Roaming\nvm;C:\Program Files\nodejs;C:\Program Files\TortoiseGit\bin;C:\Users\yangtao\AppData\Local\Microsoft\WindowsApps;C:\Users\yangtao\AppData\Roaming\nvm;C:\Program Files\nodejs;C:\Users\yangtao\AppData\Local\Programs\Microsoft VS Code\bin;C:\Program Files\Git\usr\bin\vendor_perl;C:\Program Files\Git\usr\bin\core_perl
10 verbose lifecycle 12.3@1.0.0~lint: CWD: C:\Users\yangtao\Documents\weeklyreport\12.3
11 silly lifecycle 12.3@1.0.0~lint: Args: [ '/d /s /c', 'eslint *.js' ]
12 silly lifecycle 12.3@1.0.0~lint: Returned: code: 1  signal: null
13 info lifecycle 12.3@1.0.0~lint: Failed to exec lint script
14 verbose stack Error: 12.3@1.0.0 lint: `eslint *.js`
14 verbose stack Exit status 1
14 verbose stack     at EventEmitter.<anonymous> (C:\Users\yangtao\AppData\Roaming\nvm\v6.10.3\node_modules\npm\lib\utils\lifecycle.js:255:16)
14 verbose stack     at emitTwo (events.js:106:13)
14 verbose stack     at EventEmitter.emit (events.js:191:7)
14 verbose stack     at ChildProcess.<anonymous> (C:\Users\yangtao\AppData\Roaming\nvm\v6.10.3\node_modules\npm\lib\utils\spawn.js:40:14)
14 verbose stack     at emitTwo (events.js:106:13)
14 verbose stack     at ChildProcess.emit (events.js:191:7)
14 verbose stack     at maybeClose (internal/child_process.js:886:16)
14 verbose stack     at Process.ChildProcess._handle.onexit (internal/child_process.js:226:5)
15 verbose pkgid 12.3@1.0.0
16 verbose cwd C:\Users\yangtao\Documents\weeklyreport\12.3
17 error Windows_NT 10.0.15063
18 error argv "C:\\Program Files\\nodejs\\node.exe" "C:\\Program Files\\nodejs\\node_modules\\npm\\bin\\npm-cli.js" "run" "lint"
19 error node v6.10.3
20 error npm  v3.10.10
21 error code ELIFECYCLE
22 error 12.3@1.0.0 lint: `eslint *.js`
22 error Exit status 1
23 error Failed at the 12.3@1.0.0 lint script 'eslint *.js'.
23 error Make sure you have the latest version of node.js and npm installed.
23 error If you do, this is most likely a problem with the 12.3 package,
23 error not with npm itself.
23 error Tell the author that this fails on your system:
23 error     eslint *.js
23 error You can get information on how to open an issue for this project with:
23 error     npm bugs 12.3
23 error Or if that isn't available, you can get their info via:
23 error     npm owner ls 12.3
23 error There is likely additional logging output above.
24 verbose exit [ 1, true ]
